11-10 16:39:41.982  2195  2333 W ActivityManager: Invalid packageName: com.android.todolist
11-10 16:39:41.982  2195  2333 W ActivityManager: Invalid packageName: com.android.todolist
11-10 16:39:54.150  2195  2304 V BackupManagerService: restoreAtInstall pkg=com.android.todolist token=26 restoreSet=0
11-10 16:39:54.154  2195  2304 I InstallationStatistic: com.android.todolist|null|8484|636|32|4578|2250|0
11-10 16:39:54.167  2195  2409 I MiuiCompatModePackages: package com.android.todolist updated, removing config
11-10 16:39:54.174  2195  2290 W BroadcastQueue: Background execution not allowed: receiving Intent { act=android.intent.action.PACKAGE_ADDED dat=package:com.android.todolist flg=0x4000011 (has extras) } to com.lbe.security.miui/com.lbe.security.service.BootReceiver
11-10 16:39:54.175  2195  2290 W BroadcastQueue: Background execution not allowed: receiving Intent { act=android.intent.action.PACKAGE_ADDED dat=package:com.android.todolist flg=0x4000010 (has extras) } to com.zhiliaoapp.musically/com.ss.android.common.applog.HotsoonReceiver
11-10 16:39:54.292  2195  7902 I ActivityManager: Force stopping com.android.todolist appid=10193 user=0: from process:21516
11-10 16:39:54.293  2195  7902 I AutoStartManagerService: MIUILOG- Reject RestartService packageName :com.android.todolist uid : 10193
11-10 16:39:54.453  2195  7902 W BroadcastQueue: Background execution not allowed: receiving Intent { act=android.intent.action.PACKAGE_ADDED dat=package:com.android.todolist flg=0x4000011 (has extras) } to com.android.vending/com.google.android.finsky.packagemanager.impl.PackageMonitorReceiverImpl$RegisteredReceiver
11-10 16:39:54.455  2195  2290 W BroadcastQueue: Background execution not allowed: receiving Intent { act=android.intent.action.PACKAGE_ADDED dat=package:com.android.todolist flg=0x4000011 (has extras) } to com.facebook.appmanager/com.facebook.oxygen.common.packages.event.manifest.ManifestPackageEventReceiver
11-10 16:39:54.455  2195  2290 W BroadcastQueue: Background execution not allowed: receiving Intent { act=android.intent.action.PACKAGE_ADDED dat=package:com.android.todolist flg=0x4000011 (has extras) } to com.google.android.gms/.games.chimera.GamesSystemBroadcastReceiverProxy
11-10 16:39:54.456  2195  2290 W BroadcastQueue: Background execution not allowed: receiving Intent { act=android.intent.action.PACKAGE_ADDED dat=package:com.android.todolist flg=0x4000011 (has extras) } to com.google.android.gms/.gass.chimera.PackageChangeBroadcastReceiver
11-10 16:39:54.456  2195  2290 W BroadcastQueue: Background execution not allowed: receiving Intent { act=android.intent.action.PACKAGE_ADDED dat=package:com.android.todolist flg=0x4000011 (has extras) } to com.google.android.gms/.chimera.GmsIntentOperationService$PersistentTrustedReceiver
11-10 16:39:54.456  2195  2290 W BroadcastQueue: Background execution not allowed: receiving Intent { act=android.intent.action.PACKAGE_ADDED dat=package:com.android.todolist flg=0x4000011 (has extras) } to com.google.android.googlequicksearchbox/com.google.android.apps.gsa.googlequicksearchbox.GelStubAppWatcher
11-10 16:39:54.456  2195  2290 W BroadcastQueue: Background execution not allowed: receiving Intent { act=android.intent.action.PACKAGE_ADDED dat=package:com.android.todolist flg=0x4000011 (has extras) } to com.miui.audioeffect/com.android.musicfx.Compatibility$Receiver
11-10 16:39:54.458  2195  2290 W BroadcastQueue: Background execution not allowed: receiving Intent { act=android.intent.action.PACKAGE_ADDED dat=package:com.android.todolist flg=0x4000011 (has extras) } to com.miui.global.packageinstaller/.AppInstalledReceiver
11-10 16:39:54.462  2195  2290 W BroadcastQueue: Background execution not allowed: receiving Intent { act=android.intent.action.PACKAGE_ADDED dat=package:com.android.todolist flg=0x4000011 (has extras) } to com.xiaomi.discover/com.xiaomi.market.data.MyPackageMonitor
11-10 16:39:54.622  2195  3354 I ActivityManager: START u0 {act=android.intent.action.MAIN cat=[android.intent.category.LAUNCHER] flg=0x10000000 cmp=com.android.todolist/.MainActivity} from uid 2000
11-10 16:39:55.154  2195  2292 D Boost   : hostingType=activity, hostingName=com.android.todolist/.MainActivity, callerPackage=null, isSystem=true, isBoostNeeded=false.
11-10 16:39:55.157  2195  2292 I ActivityManager: Start proc 21568:com.android.todolist/u0a193 for activity com.android.todolist/.MainActivity caller=null
11-10 16:39:57.656 21568 21568 W Activity: Slow Operation: Activity com.android.todolist/.MainActivity onCreate took 568ms
11-10 16:39:57.832 21568 21568 W Looper  : Slow Looper main: Activity com.android.todolist/.MainActivity is 934ms late (wall=926ms running=0ms ClientTransaction{ callbacks=[android.app.servertransaction.LaunchActivityItem] lifecycleRequest=android.app.servertransaction.ResumeActivityItem }) because of 1 msg, msg 1 took 1172ms (late=1ms h=android.app.ActivityThread$H w=110)
11-10 16:39:58.401  2195  2298 I Timeline: Timeline: Activity_windows_visible id: ActivityRecord{d91666e u0 com.android.todolist/.MainActivity t24899} time:486147363
11-10 16:39:58.484  2195  2290 W XSpaceManagerService: update XSpace App: packageName:com.android.todolist, user:UserHandle{0}, action:android.intent.action.PACKAGE_ADDED
11-10 16:40:10.712  2195  2304 D PackageManagerServiceInjector: FirstUseActivity packageName = com.android.todolist is compiled using filter speed-profile, success = true
11-10 16:40:14.841  2195  3354 D PerfShielderService: com.android.todolist|com.android.todolist/com.android.todolist.MainActivity|398|486161296664661|117|0|2
11-10 16:40:14.842  3370 28914 W MiuiPerfServiceClient: interceptAndQueuing:21568|com.android.todolist|398|117|unknown|null|com.android.todolist/com.android.todolist.MainActivity|486161296664661|Slow main thread|2
11-10 16:40:21.943  2195  4716 D PerfShielderService: com.android.todolist|com.android.todolist/com.android.todolist.MainActivity|306|486169340451064|176|3|6
11-10 16:40:21.944  3370 28914 W MiuiPerfServiceClient: interceptAndQueuing:21568|com.android.todolist|306|176|unknown|null|com.android.todolist/com.android.todolist.MainActivity|486169340451064|Slow handle traversal|6
11-10 16:40:23.030 21568 21568 I Timeline: Timeline: Activity_launch_request time:486171992 intent:Intent { cmp=com.android.todolist/.ListActivity (has extras) }
11-10 16:40:23.032  2195  4716 I ActivityManager: START u0 {cmp=com.android.todolist/.ListActivity (has extras)} from uid 10193
11-10 16:40:23.932  2195  2298 I Timeline: Timeline: Activity_windows_visible id: ActivityRecord{7ab6c8c u0 com.android.todolist/.ListActivity t24899} time:486172894
11-10 16:40:25.062  2195  4611 W NotificationService: Toast already killed. pkg=com.android.todolist callback=android.app.ITransientNotification$Stub$Proxy@bbf8f4a
11-10 16:40:25.430 21568 21568 I Timeline: Timeline: Activity_launch_request time:486174391 intent:Intent { cmp=com.android.todolist/.MainActivity }
11-10 16:40:25.432  2195  4611 I ActivityManager: START u0 {cmp=com.android.todolist/.MainActivity} from uid 10193
11-10 16:40:26.210  2195  2298 I Timeline: Timeline: Activity_windows_visible id: ActivityRecord{2745fd8 u0 com.android.todolist/.MainActivity t24899} time:486175172
11-10 16:40:26.991 21568 21568 I Timeline: Timeline: Activity_launch_request time:486175952 intent:Intent { cmp=com.android.todolist/.ListActivity (has extras) }
11-10 16:40:26.996  2195  4716 I ActivityManager: START u0 {cmp=com.android.todolist/.ListActivity (has extras)} from uid 10193
11-10 16:40:27.763  2195  2298 I Timeline: Timeline: Activity_windows_visible id: ActivityRecord{12b8887 u0 com.android.todolist/.ListActivity t24899} time:486176725
11-10 16:40:28.290 21568 21568 I Timeline: Timeline: Activity_launch_request time:486177252 intent:Intent { cmp=com.android.todolist/.MainActivity }
11-10 16:40:28.292  2195  4611 I ActivityManager: START u0 {cmp=com.android.todolist/.MainActivity} from uid 10193
11-10 16:40:29.025  2195  4716 W NotificationService: Toast already killed. pkg=com.android.todolist callback=android.app.ITransientNotification$Stub$Proxy@10a0675
11-10 16:40:29.063  2195  2298 I Timeline: Timeline: Activity_windows_visible id: ActivityRecord{13bd97c u0 com.android.todolist/.MainActivity t24899} time:486178025
11-10 16:45:40.957  2195  2290 I ActivityManager: Force stopping com.android.todolist appid=10193 user=-1: deletePackageX
11-10 16:45:40.959  2195  2290 I ActivityManager: Killing 21568:com.android.todolist/u0a193 (adj 700): stop com.android.todolist: deletePackageX
11-10 16:45:40.969  2195  2290 I ActivityManager:   Force finishing activity ActivityRecord{d91666e u0 com.android.todolist/.MainActivity t24899}
11-10 16:45:40.989  2195  2290 I ActivityManager:   Force finishing activity ActivityRecord{2745fd8 u0 com.android.todolist/.MainActivity t24899}
11-10 16:45:40.997  2195  2290 I ActivityManager:   Force finishing activity ActivityRecord{13bd97c u0 com.android.todolist/.MainActivity t24899}
11-10 16:45:41.024  2195  2304 W PackageManager: com.android.server.pm.Installer$InstallerException: android.os.ServiceSpecificException: Failed to delete /data/user_de/10/com.android.todolist (code 2)
11-10 16:45:41.768  2195  2304 I ActivityManager: Force stopping com.android.todolist appid=10193 user=0: pkg removed
11-10 16:45:41.768  2195  2304 I AutoStartManagerService: MIUILOG- Reject RestartService packageName :com.android.todolist uid : 10193
11-10 16:45:41.795  2195  2290 W BroadcastQueue: Background execution not allowed: receiving Intent { act=android.intent.action.PACKAGE_REMOVED dat=package:com.android.todolist flg=0x4000011 (has extras) } to com.lbe.security.miui/com.lbe.security.service.BootReceiver
11-10 16:45:41.795  2195  2290 W BroadcastQueue: Background execution not allowed: receiving Intent { act=android.intent.action.PACKAGE_REMOVED dat=package:com.android.todolist flg=0x4000010 (has extras) } to com.alibaba.aliexpresshd/com.taobao.accs.EventReceiver
11-10 16:45:41.806  2195  2290 W BroadcastQueue: Background execution not allowed: receiving Intent { act=android.intent.action.PACKAGE_REMOVED dat=package:com.android.todolist flg=0x4000010 (has extras) } to com.google.android.apps.photos/com.google.android.libraries.social.peoplekit.thirdparty.viewcontrollers.ThirdPartyReceiver
11-10 16:45:41.840  2195  3659 W BroadcastQueue: Background execution not allowed: receiving Intent { act=android.intent.action.PACKAGE_REMOVED dat=package:com.android.todolist flg=0x4000011 (has extras) } to com.android.vending/com.google.android.finsky.packagemanager.impl.PackageMonitorReceiverImpl$RegisteredReceiver
11-10 16:45:41.844  2195  2290 W BroadcastQueue: Background execution not allowed: receiving Intent { act=android.intent.action.PACKAGE_REMOVED dat=package:com.android.todolist flg=0x4000011 (has extras) } to com.android.vending/com.google.android.finsky.instantapps.appmanagement.InstantAppRemoveMonitor
11-10 16:45:41.851  2195  2290 W BroadcastQueue: Background execution not allowed: receiving Intent { act=android.intent.action.PACKAGE_REMOVED dat=package:com.android.todolist flg=0x4000011 (has extras) } to com.facebook.services/com.facebook.oxygen.services.fbns.RegisteredMqttSystemBroadcastReceiver
11-10 16:45:41.853  2195  2290 W BroadcastQueue: Background execution not allowed: receiving Intent { act=android.intent.action.PACKAGE_REMOVED dat=package:com.android.todolist flg=0x4000011 (has extras) } to com.google.android.apps.maps/com.google.android.libraries.social.peoplekit.thirdparty.viewcontrollers.ThirdPartyReceiver
11-10 16:45:41.854  2195  2290 W BroadcastQueue: Background execution not allowed: receiving Intent { act=android.intent.action.PACKAGE_REMOVED dat=package:com.android.todolist flg=0x4000011 (has extras) } to com.google.android.gms/.games.chimera.GamesSystemBroadcastReceiverProxy
11-10 16:45:41.854  2195  2290 W BroadcastQueue: Background execution not allowed: receiving Intent { act=android.intent.action.PACKAGE_REMOVED dat=package:com.android.todolist flg=0x4000011 (has extras) } to com.google.android.gms/.chimera.GmsIntentOperationService$PersistentTrustedReceiver
11-10 16:45:41.855  2195  2290 W BroadcastQueue: Background execution not allowed: receiving Intent { act=android.intent.action.PACKAGE_REMOVED dat=package:com.android.todolist flg=0x4000011 (has extras) } to com.google.android.googlequicksearchbox/com.google.android.apps.gsa.googlequicksearchbox.GelStubAppWatcher
11-10 16:45:41.855  2195  2290 W BroadcastQueue: Background execution not allowed: receiving Intent { act=android.intent.action.PACKAGE_REMOVED dat=package:com.android.todolist flg=0x4000011 (has extras) } to com.miui.audioeffect/com.android.musicfx.Compatibility$Receiver
11-10 16:45:41.855  2195  2290 W BroadcastQueue: Background execution not allowed: receiving Intent { act=android.intent.action.PACKAGE_REMOVED dat=package:com.android.todolist flg=0x4000011 (has extras) } to com.xiaomi.discover/com.xiaomi.market.data.MyPackageMonitor
11-10 16:45:44.085  2195  2195 I ConditionProviders: Disallowing condition provider com.android.todolist
11-10 16:45:44.281  2195  2217 W BroadcastQueue: Background execution not allowed: receiving Intent { act=android.intent.action.PACKAGE_REMOVED dat=package:com.android.todolist flg=0x4000011 (has extras) } to com.xiaomi.xmsf/com.xiaomi.push.service.receivers.PkgUninstallReceiver
11-10 16:45:45.664  2195  2290 W XSpaceManagerService: update XSpace App: packageName:com.android.todolist, user:UserHandle{0}, action:android.intent.action.PACKAGE_REMOVED
11-10 16:59:03.518  2195  2304 E ArtManagerService: Failed to prepare profile for com.android.todolist:/data/app/com.android.todolist-n8pZqR3nFC-0EaMoxYiIYQ==/base.apk
11-10 16:59:03.519  2195  2304 V BackupManagerService: restoreAtInstall pkg=com.android.todolist token=27 restoreSet=0
11-10 16:59:03.525  2195  2304 I InstallationStatistic: com.android.todolist|null|6573|471|34|3865|1400|0
11-10 16:59:03.552  2195  2409 I MiuiCompatModePackages: package com.android.todolist updated, removing config
11-10 16:59:03.569  2195  2290 W BroadcastQueue: Background execution not allowed: receiving Intent { act=android.intent.action.PACKAGE_ADDED dat=package:com.android.todolist flg=0x4000011 (has extras) } to com.lbe.security.miui/com.lbe.security.service.BootReceiver
11-10 16:59:03.570  2195  2304 W ActivityManager: Skipping broadcast of Intent { act=android.intent.action.PACKAGE_ADDED dat=package:com.android.todolist flg=0x4000010 (has extras) }: user 10 and its parent (if any) are stopped
11-10 16:59:03.571  2195  2290 W BroadcastQueue: Background execution not allowed: receiving Intent { act=android.intent.action.PACKAGE_ADDED dat=package:com.android.todolist flg=0x4000010 (has extras) } to com.zhiliaoapp.musically/com.ss.android.common.applog.HotsoonReceiver
11-10 16:59:03.821  2195  4611 W BroadcastQueue: Background execution not allowed: receiving Intent { act=android.intent.action.PACKAGE_ADDED dat=package:com.android.todolist flg=0x4000011 (has extras) } to com.android.vending/com.google.android.finsky.packagemanager.impl.PackageMonitorReceiverImpl$RegisteredReceiver
11-10 16:59:03.823  2195  2290 W BroadcastQueue: Background execution not allowed: receiving Intent { act=android.intent.action.PACKAGE_ADDED dat=package:com.android.todolist flg=0x4000011 (has extras) } to com.facebook.appmanager/com.facebook.oxygen.common.packages.event.manifest.ManifestPackageEventReceiver
11-10 16:59:03.823  2195  2290 W BroadcastQueue: Background execution not allowed: receiving Intent { act=android.intent.action.PACKAGE_ADDED dat=package:com.android.todolist flg=0x4000011 (has extras) } to com.google.android.gms/.games.chimera.GamesSystemBroadcastReceiverProxy
11-10 16:59:03.823  2195  2290 W BroadcastQueue: Background execution not allowed: receiving Intent { act=android.intent.action.PACKAGE_ADDED dat=package:com.android.todolist flg=0x4000011 (has extras) } to com.google.android.gms/.gass.chimera.PackageChangeBroadcastReceiver
11-10 16:59:03.823  2195  2290 W BroadcastQueue: Background execution not allowed: receiving Intent { act=android.intent.action.PACKAGE_ADDED dat=package:com.android.todolist flg=0x4000011 (has extras) } to com.google.android.gms/.chimera.GmsIntentOperationService$PersistentTrustedReceiver
11-10 16:59:03.823  2195  2290 W BroadcastQueue: Background execution not allowed: receiving Intent { act=android.intent.action.PACKAGE_ADDED dat=package:com.android.todolist flg=0x4000011 (has extras) } to com.google.android.googlequicksearchbox/com.google.android.apps.gsa.googlequicksearchbox.GelStubAppWatcher
11-10 16:59:03.823  2195  2290 W BroadcastQueue: Background execution not allowed: receiving Intent { act=android.intent.action.PACKAGE_ADDED dat=package:com.android.todolist flg=0x4000011 (has extras) } to com.miui.audioeffect/com.android.musicfx.Compatibility$Receiver
11-10 16:59:03.823  2195  2290 W BroadcastQueue: Background execution not allowed: receiving Intent { act=android.intent.action.PACKAGE_ADDED dat=package:com.android.todolist flg=0x4000011 (has extras) } to com.miui.global.packageinstaller/.AppInstalledReceiver
11-10 16:59:03.823  2195  2290 W BroadcastQueue: Background execution not allowed: receiving Intent { act=android.intent.action.PACKAGE_ADDED dat=package:com.android.todolist flg=0x4000011 (has extras) } to com.xiaomi.discover/com.xiaomi.market.data.MyPackageMonitor
11-10 16:59:08.349  2195  2290 W XSpaceManagerService: update XSpace App: packageName:com.android.todolist, user:UserHandle{0}, action:android.intent.action.PACKAGE_ADDED
11-10 17:01:35.591  2696  2696 I Timeline: Timeline: Activity_launch_request time:487444553 intent:Intent { act=android.intent.action.MAIN cat=[android.intent.category.LAUNCHER] flg=0x10200000 cmp=com.android.todolist/.MainActivity bnds=[80,1317][248,1485] (has extras) }
11-10 17:01:35.594  2195  4716 I ActivityManager: START u0 {act=android.intent.action.MAIN cat=[android.intent.category.LAUNCHER] flg=0x10200000 cmp=com.android.todolist/.MainActivity bnds=[80,1317][248,1485] (has extras)} from uid 10026
11-10 17:01:35.742  2195  2292 D Boost   : hostingType=activity, hostingName=com.android.todolist/.MainActivity, callerPackage=com.miui.home, isSystem=true, isBoostNeeded=false.
11-10 17:01:35.744  2195  2292 I ActivityManager: Start proc 24526:com.android.todolist/u0a194 for activity com.android.todolist/.MainActivity caller=com.miui.home
11-10 17:01:36.993 24526 24526 W Looper  : Slow Looper main: Activity com.android.todolist/.MainActivity is 393ms late (wall=504ms running=0ms ClientTransaction{ callbacks=[android.app.servertransaction.LaunchActivityItem] lifecycleRequest=android.app.servertransaction.ResumeActivityItem }) because of 1 msg, msg 1 took 606ms (late=2ms h=android.app.ActivityThread$H w=110)
11-10 17:01:37.395  2195  2298 I Timeline: Timeline: Activity_windows_visible id: ActivityRecord{b89cfbf u0 com.android.todolist/.MainActivity t24902} time:487446357
11-10 17:01:50.737  2195  2304 D PackageManagerServiceInjector: FirstUseActivity packageName = com.android.todolist is compiled using filter speed-profile, success = true
11-10 17:02:03.668  2195  6694 D PerfShielderService: com.android.todolist|com.android.todolist/com.android.todolist.MainActivity|505|487470456869265|147|0|4
11-10 17:02:03.669  3370 28914 W MiuiPerfServiceClient: interceptAndQueuing:24526|com.android.todolist|505|147|unknown|null|com.android.todolist/com.android.todolist.MainActivity|487470456869265|Slow main thread|4
11-10 17:02:15.314  2195  3659 D PerfShielderService: com.android.todolist|com.android.todolist/com.android.todolist.MainActivity|274|487482712881292|168|3|4
11-10 17:02:15.316  3370 28914 W MiuiPerfServiceClient: interceptAndQueuing:24526|com.android.todolist|274|168|unknown|null|com.android.todolist/com.android.todolist.MainActivity|487482712881292|Slow handle traversal|4
11-10 17:36:51.026  2195  6017 I WindowManager: WIN DEATH: Window{e409b68 u0 com.android.todolist/com.android.todolist.MainActivity}
11-10 17:36:51.029  2195  4716 I ActivityManager: Process com.android.todolist (pid 24526) has died: cch+1CAC 
11-10 23:17:11.726  2696  2696 I Timeline: Timeline: Activity_launch_request time:506140175 intent:Intent { act=android.intent.action.MAIN cat=[android.intent.category.LAUNCHER] flg=0x10200000 cmp=com.android.todolist/.MainActivity bnds=[80,1315][248,1483] (has extras) }
11-10 23:17:11.728  2195  3755 I ActivityManager: START u0 {act=android.intent.action.MAIN cat=[android.intent.category.LAUNCHER] flg=0x10200000 cmp=com.android.todolist/.MainActivity bnds=[80,1315][248,1483] (has extras)} from uid 10026
11-10 23:17:11.879  2195  2292 D Boost   : hostingType=activity, hostingName=com.android.todolist/.MainActivity, callerPackage=com.miui.home, isSystem=true, isBoostNeeded=false.
11-10 23:17:11.883  2195  2292 I ActivityManager: Start proc 12378:com.android.todolist/u0a194 for activity com.android.todolist/.MainActivity caller=com.miui.home
11-10 23:17:13.421  2195  2298 I Timeline: Timeline: Activity_windows_visible id: ActivityRecord{b89cfbf u0 com.android.todolist/.MainActivity t24902} time:506141870
11-10 23:17:17.345  2195  2298 I Timeline: Timeline: Activity_windows_visible id: ActivityRecord{b89cfbf u0 com.android.todolist/.MainActivity t24902} time:506145794
11-10 23:17:17.362  2195  2334 I WindowManager: Screen frozen for +1s521ms due to Window{f98f4ae u0 com.android.todolist/com.android.todolist.MainActivity}
11-10 23:17:20.963  2195  2298 I WindowManager: Screen frozen for +1s144ms due to Window{604911a u0 com.android.todolist/com.android.todolist.MainActivity}
11-10 23:17:21.045  2195  2298 I Timeline: Timeline: Activity_windows_visible id: ActivityRecord{b89cfbf u0 com.android.todolist/.MainActivity t24902} time:506149494
11-10 23:22:51.219  2195  2217 I WindowManager: WIN DEATH: Window{604911a u0 com.android.todolist/com.android.todolist.MainActivity}
11-10 23:22:51.220  2195  7902 I ActivityManager: Process com.android.todolist (pid 12378) has died: cch  CAC 
11-10 23:23:05.108  2696  2696 I Timeline: Timeline: Activity_launch_request time:506493557 intent:Intent { act=android.intent.action.MAIN cat=[android.intent.category.LAUNCHER] flg=0x10200000 cmp=com.android.todolist/.MainActivity bnds=[80,1317][248,1485] (has extras) }
11-10 23:23:05.110  2195  7666 I ActivityManager: START u0 {act=android.intent.action.MAIN cat=[android.intent.category.LAUNCHER] flg=0x10200000 cmp=com.android.todolist/.MainActivity bnds=[80,1317][248,1485] (has extras)} from uid 10026
11-10 23:23:05.235  2195  2292 D Boost   : hostingType=activity, hostingName=com.android.todolist/.MainActivity, callerPackage=com.miui.home, isSystem=true, isBoostNeeded=false.
11-10 23:23:05.242  2195  2292 I ActivityManager: Start proc 13504:com.android.todolist/u0a194 for activity com.android.todolist/.MainActivity caller=com.miui.home
11-10 23:23:06.744  2195  2298 I Timeline: Timeline: Activity_windows_visible id: ActivityRecord{b89cfbf u0 com.android.todolist/.MainActivity t24902} time:506495193
11-10 23:24:33.319  2696  2696 I Timeline: Timeline: Activity_launch_request time:506581769 intent:Intent { act=android.intent.action.MAIN cat=[android.intent.category.LAUNCHER] flg=0x10200000 cmp=com.android.todolist/.MainActivity bnds=[80,1315][248,1483] (has extras) }
11-10 23:24:33.321  2195  3193 I ActivityManager: START u0 {act=android.intent.action.MAIN cat=[android.intent.category.LAUNCHER] flg=0x10200000 cmp=com.android.todolist/.MainActivity bnds=[80,1315][248,1483] (has extras)} from uid 10026
11-10 23:24:33.863  2195  2298 I Timeline: Timeline: Activity_windows_visible id: ActivityRecord{b89cfbf u0 com.android.todolist/.MainActivity t24902} time:506582313
11-10 23:25:17.669  2195  2298 I Timeline: Timeline: Activity_windows_visible id: ActivityRecord{b89cfbf u0 com.android.todolist/.MainActivity t24902} time:506626119
11-10 23:25:17.672  2195  2334 I WindowManager: Screen frozen for +1s45ms due to Window{dd212d7 u0 com.android.todolist/com.android.todolist.MainActivity}
11-10 23:30:21.853  2696  2696 I Timeline: Timeline: Activity_launch_request time:506930302 intent:Intent { act=android.intent.action.MAIN cat=[android.intent.category.LAUNCHER] flg=0x10200000 cmp=com.android.todolist/.MainActivity bnds=[80,1317][248,1485] (has extras) }
11-10 23:30:21.855  2195  3342 I ActivityManager: START u0 {act=android.intent.action.MAIN cat=[android.intent.category.LAUNCHER] flg=0x10200000 cmp=com.android.todolist/.MainActivity bnds=[80,1317][248,1485] (has extras)} from uid 10026
11-10 23:30:22.331  2195  2298 I Timeline: Timeline: Activity_windows_visible id: ActivityRecord{b89cfbf u0 com.android.todolist/.MainActivity t24902} time:506930780
11-10 23:30:22.354  2195  4671 I WindowManager: Screen frozen for +447ms due to Window{dd212d7 u0 com.android.todolist/com.android.todolist.MainActivity}
11-10 23:36:04.889  2696  2696 I Timeline: Timeline: Activity_launch_request time:507273338 intent:Intent { act=android.intent.action.MAIN cat=[android.intent.category.LAUNCHER] flg=0x10200000 cmp=com.android.todolist/.MainActivity bnds=[77,1312][245,1480] (has extras) }
11-10 23:36:04.892  2195  4671 I ActivityManager: START u0 {act=android.intent.action.MAIN cat=[android.intent.category.LAUNCHER] flg=0x10200000 cmp=com.android.todolist/.MainActivity bnds=[77,1312][245,1480] (has extras)} from uid 10026
11-10 23:36:05.361  2195  2298 I Timeline: Timeline: Activity_windows_visible id: ActivityRecord{b89cfbf u0 com.android.todolist/.MainActivity t24902} time:507273810
11-10 23:36:05.389  2195  2334 I WindowManager: Screen frozen for +443ms due to Window{dd212d7 u0 com.android.todolist/com.android.todolist.MainActivity}
11-10 23:41:19.455  2696  2696 I Timeline: Timeline: Activity_launch_request time:507587904 intent:Intent { act=android.intent.action.MAIN cat=[android.intent.category.LAUNCHER] flg=0x10200000 cmp=com.android.todolist/.MainActivity bnds=[81,1318][249,1486] (has extras) }
11-10 23:41:19.458  2195  4671 I ActivityManager: START u0 {act=android.intent.action.MAIN cat=[android.intent.category.LAUNCHER] flg=0x10200000 cmp=com.android.todolist/.MainActivity bnds=[81,1318][249,1486] (has extras)} from uid 10026
11-10 23:41:19.872  2195  2298 I Timeline: Timeline: Activity_windows_visible id: ActivityRecord{b89cfbf u0 com.android.todolist/.MainActivity t24902} time:507588322
11-10 23:41:19.885  2195  2218 I WindowManager: Screen frozen for +375ms due to Window{dd212d7 u0 com.android.todolist/com.android.todolist.MainActivity}
11-10 23:41:27.568  2195  2298 I Timeline: Timeline: Activity_windows_visible id: ActivityRecord{b89cfbf u0 com.android.todolist/.MainActivity t24902} time:507596017
11-10 23:41:27.583  2195  2334 I WindowManager: Screen frozen for +889ms due to Window{be706b3 u0 com.android.todolist/com.android.todolist.MainActivity}
11-10 23:41:31.531  2195  2298 I Timeline: Timeline: Activity_windows_visible id: ActivityRecord{b89cfbf u0 com.android.todolist/.MainActivity t24902} time:507599981
11-10 23:41:31.535  2195  2334 I WindowManager: Screen frozen for +909ms due to Window{de35cb8 u0 com.android.todolist/com.android.todolist.MainActivity}
11-10 23:41:31.911 13504 13504 I Timeline: Timeline: Activity_launch_request time:507600360 intent:Intent { cmp=com.android.todolist/.ListActivity (has extras) }
11-10 23:41:31.912  2195  2217 I ActivityManager: START u0 {cmp=com.android.todolist/.ListActivity (has extras)} from uid 10194
11-10 23:41:33.025  2195  2298 I Timeline: Timeline: Activity_windows_visible id: ActivityRecord{5750da u0 com.android.todolist/.ListActivity t24902} time:507601475
11-10 23:41:33.934  2195  3354 W NotificationService: Toast already killed. pkg=com.android.todolist callback=android.app.ITransientNotification$Stub$Proxy@a01305c
11-10 23:42:03.762  2195  2334 I WindowManager: Screen frozen for +742ms due to Window{9983d24 u0 com.android.todolist/com.android.todolist.ListActivity}
11-10 23:42:03.814  2195  2298 I Timeline: Timeline: Activity_windows_visible id: ActivityRecord{5750da u0 com.android.todolist/.ListActivity t24902} time:507632263
11-10 23:42:06.279  2696  2696 I Timeline: Timeline: Activity_launch_request time:507634728 intent:Intent { act=android.intent.action.MAIN cat=[android.intent.category.LAUNCHER] flg=0x10200000 cmp=com.android.todolist/.MainActivity bnds=[81,1318][249,1486] (has extras) }
11-10 23:42:06.281  2195  3193 I ActivityManager: START u0 {act=android.intent.action.MAIN cat=[android.intent.category.LAUNCHER] flg=0x10200000 cmp=com.android.todolist/.MainActivity bnds=[81,1318][249,1486] (has extras)} from uid 10026
11-10 23:42:06.786  2195  2298 I Timeline: Timeline: Activity_windows_visible id: ActivityRecord{5750da u0 com.android.todolist/.ListActivity t24902} time:507635235
11-10 23:42:23.580  2195  2290 I ActivityManager: Force stopping com.android.todolist appid=10194 user=0: deletePackageX
11-10 23:42:23.581  2195  2290 I AutoStartManagerService: MIUILOG- Reject RestartService packageName :com.android.todolist uid : 10194
11-10 23:42:23.582  2195  2290 I ActivityManager: Killing 13504:com.android.todolist/u0a194 (adj 700): stop com.android.todolist: deletePackageX
11-10 23:42:23.589  2195  2290 I ActivityManager:   Force finishing activity ActivityRecord{b89cfbf u0 com.android.todolist/.MainActivity t24902}
11-10 23:42:23.597  2195  2290 I ActivityManager:   Force finishing activity ActivityRecord{5750da u0 com.android.todolist/.ListActivity t24902}
11-10 23:42:24.387  2195  2304 I ActivityManager: Force stopping com.android.todolist appid=10194 user=0: pkg removed
11-10 23:42:24.387  2195  2304 I AutoStartManagerService: MIUILOG- Reject RestartService packageName :com.android.todolist uid : 10194
11-10 23:42:24.459  2195  2290 W BroadcastQueue: Background execution not allowed: receiving Intent { act=android.intent.action.PACKAGE_REMOVED dat=package:com.android.todolist flg=0x4000011 (has extras) } to com.lbe.security.miui/com.lbe.security.service.BootReceiver
11-10 23:42:24.460  2195  2290 W BroadcastQueue: Background execution not allowed: receiving Intent { act=android.intent.action.PACKAGE_REMOVED dat=package:com.android.todolist flg=0x4000010 (has extras) } to com.alibaba.aliexpresshd/com.taobao.accs.EventReceiver
11-10 23:42:24.466  2195  2290 W BroadcastQueue: Background execution not allowed: receiving Intent { act=android.intent.action.PACKAGE_REMOVED dat=package:com.android.todolist flg=0x4000010 (has extras) } to com.google.android.apps.photos/com.google.android.libraries.social.peoplekit.thirdparty.viewcontrollers.ThirdPartyReceiver
11-10 23:42:24.658  2195  3193 W BroadcastQueue: Background execution not allowed: receiving Intent { act=android.intent.action.PACKAGE_REMOVED dat=package:com.android.todolist flg=0x4000011 (has extras) } to com.android.vending/com.google.android.finsky.packagemanager.impl.PackageMonitorReceiverImpl$RegisteredReceiver
11-10 23:42:24.659  2195  2290 W BroadcastQueue: Background execution not allowed: receiving Intent { act=android.intent.action.PACKAGE_REMOVED dat=package:com.android.todolist flg=0x4000011 (has extras) } to com.android.vending/com.google.android.finsky.instantapps.appmanagement.InstantAppRemoveMonitor
11-10 23:42:24.660  2195  2290 W BroadcastQueue: Background execution not allowed: receiving Intent { act=android.intent.action.PACKAGE_REMOVED dat=package:com.android.todolist flg=0x4000011 (has extras) } to com.facebook.services/com.facebook.oxygen.services.fbns.RegisteredMqttSystemBroadcastReceiver
11-10 23:42:24.660  2195  2290 W BroadcastQueue: Background execution not allowed: receiving Intent { act=android.intent.action.PACKAGE_REMOVED dat=package:com.android.todolist flg=0x4000011 (has extras) } to com.google.android.apps.maps/com.google.android.libraries.social.peoplekit.thirdparty.viewcontrollers.ThirdPartyReceiver
11-10 23:42:24.660  2195  2290 W BroadcastQueue: Background execution not allowed: receiving Intent { act=android.intent.action.PACKAGE_REMOVED dat=package:com.android.todolist flg=0x4000011 (has extras) } to com.google.android.gms/.games.chimera.GamesSystemBroadcastReceiverProxy
11-10 23:42:24.660  2195  2290 W BroadcastQueue: Background execution not allowed: receiving Intent { act=android.intent.action.PACKAGE_REMOVED dat=package:com.android.todolist flg=0x4000011 (has extras) } to com.google.android.gms/.chimera.GmsIntentOperationService$PersistentTrustedReceiver
11-10 23:42:24.660  2195  2290 W BroadcastQueue: Background execution not allowed: receiving Intent { act=android.intent.action.PACKAGE_REMOVED dat=package:com.android.todolist flg=0x4000011 (has extras) } to com.google.android.googlequicksearchbox/com.google.android.apps.gsa.googlequicksearchbox.GelStubAppWatcher
11-10 23:42:24.660  2195  2290 W BroadcastQueue: Background execution not allowed: receiving Intent { act=android.intent.action.PACKAGE_REMOVED dat=package:com.android.todolist flg=0x4000011 (has extras) } to com.miui.audioeffect/com.android.musicfx.Compatibility$Receiver
11-10 23:42:24.660  2195  2290 W BroadcastQueue: Background execution not allowed: receiving Intent { act=android.intent.action.PACKAGE_REMOVED dat=package:com.android.todolist flg=0x4000011 (has extras) } to com.xiaomi.discover/com.xiaomi.market.data.MyPackageMonitor
11-10 23:42:25.481  2195  2195 I ConditionProviders: Disallowing condition provider com.android.todolist
11-10 23:42:26.844  2195  2290 W XSpaceManagerService: update XSpace App: packageName:com.android.todolist, user:UserHandle{0}, action:android.intent.action.PACKAGE_REMOVED
11-10 23:42:27.026  2195  2218 W BroadcastQueue: Background execution not allowed: receiving Intent { act=android.intent.action.PACKAGE_REMOVED dat=package:com.android.todolist flg=0x4000011 (has extras) } to com.xiaomi.xmsf/com.xiaomi.push.service.receivers.PkgUninstallReceiver
11-10 23:44:29.457  2195  7666 I ActivityManager: Force stopping com.android.todolist appid=10194 user=0: from process:16040
11-10 23:44:29.457  2195  7666 I AutoStartManagerService: MIUILOG- Reject RestartService packageName :com.android.todolist uid : 10194
11-10 23:44:40.323  2195  2304 I PackageManager: Update package com.android.todolist code path from /data/app/com.android.todolist-n8pZqR3nFC-0EaMoxYiIYQ== to /data/app/com.android.todolist-_3yG1kB96fb0MqTD5eqW6A==; Retain data and using new
11-10 23:44:40.324  2195  2304 I PackageManager: Update package com.android.todolist resource path from /data/app/com.android.todolist-n8pZqR3nFC-0EaMoxYiIYQ== to /data/app/com.android.todolist-_3yG1kB96fb0MqTD5eqW6A==; Retain data and using new
11-10 23:44:40.674  2195  2304 I InstallationStatistic: com.android.todolist|null|7695|769|55|4517|1377|0
11-10 23:44:41.434  2195  2304 W ActivityManager: Skipping broadcast of Intent { act=android.intent.action.PACKAGE_REMOVED dat=package:com.android.todolist flg=0x4000010 (has extras) }: user 10 and its parent (if any) are stopped
11-10 23:44:41.444  2195  2409 I MiuiCompatModePackages: package com.android.todolist updated, removing config
11-10 23:44:41.456  2195  2290 W BroadcastQueue: Background execution not allowed: receiving Intent { act=android.intent.action.PACKAGE_ADDED dat=package:com.android.todolist flg=0x4000011 (has extras) } to com.lbe.security.miui/com.lbe.security.service.BootReceiver
11-10 23:44:41.457  2195  2290 W BroadcastQueue: Background execution not allowed: receiving Intent { act=android.intent.action.PACKAGE_ADDED dat=package:com.android.todolist flg=0x4000010 (has extras) } to com.zhiliaoapp.musically/com.ss.android.common.applog.HotsoonReceiver
11-10 23:44:41.479  2195  2304 W ActivityManager: Skipping broadcast of Intent { act=android.intent.action.PACKAGE_ADDED dat=package:com.android.todolist flg=0x4000010 (has extras) }: user 10 and its parent (if any) are stopped
11-10 23:44:41.488  2195  2304 W ActivityManager: Skipping broadcast of Intent { act=android.intent.action.PACKAGE_ADDED dat=package:com.android.todolist flg=0x4000010 pkg=com.android.vending (has extras) }: user 10 and its parent (if any) are stopped
11-10 23:44:41.494  2195  2333 W BroadcastQueue: Background execution not allowed: receiving Intent { act=android.intent.action.PACKAGE_ADDED dat=package:com.android.todolist flg=0x4000011 (has extras) } to com.android.vending/com.google.android.finsky.packagemanager.impl.PackageMonitorReceiverImpl$RegisteredReceiver
11-10 23:44:41.503  2195  2290 W BroadcastQueue: Background execution not allowed: receiving Intent { act=android.intent.action.PACKAGE_ADDED dat=package:com.android.todolist flg=0x4000011 (has extras) } to com.facebook.appmanager/com.facebook.oxygen.common.packages.event.manifest.ManifestPackageEventReceiver
11-10 23:44:41.503  2195  2304 W ActivityManager: Skipping broadcast of Intent { act=android.intent.action.PACKAGE_REPLACED dat=package:com.android.todolist flg=0x4000010 (has extras) }: user 10 and its parent (if any) are stopped
11-10 23:44:41.504  2195  2304 W ActivityManager: Skipping broadcast of Intent { act=android.intent.action.PACKAGE_REPLACED dat=package:com.android.todolist flg=0x4000010 pkg=com.android.vending (has extras) }: user 10 and its parent (if any) are stopped
11-10 23:44:41.505  2195  2290 W BroadcastQueue: Background execution not allowed: receiving Intent { act=android.intent.action.PACKAGE_ADDED dat=package:com.android.todolist flg=0x4000011 (has extras) } to com.google.android.gms/.games.chimera.GamesSystemBroadcastReceiverProxy
11-10 23:44:41.505  2195  2290 W BroadcastQueue: Background execution not allowed: receiving Intent { act=android.intent.action.PACKAGE_ADDED dat=package:com.android.todolist flg=0x4000011 (has extras) } to com.google.android.gms/.gass.chimera.PackageChangeBroadcastReceiver
11-10 23:44:41.505  2195  2290 W BroadcastQueue: Background execution not allowed: receiving Intent { act=android.intent.action.PACKAGE_ADDED dat=package:com.android.todolist flg=0x4000011 (has extras) } to com.google.android.gms/.chimera.GmsIntentOperationService$PersistentTrustedReceiver
11-10 23:44:41.505  2195  2290 W BroadcastQueue: Background execution not allowed: receiving Intent { act=android.intent.action.PACKAGE_ADDED dat=package:com.android.todolist flg=0x4000011 (has extras) } to com.google.android.googlequicksearchbox/com.google.android.apps.gsa.googlequicksearchbox.GelStubAppWatcher
11-10 23:44:41.506  2195  2290 W BroadcastQueue: Background execution not allowed: receiving Intent { act=android.intent.action.PACKAGE_ADDED dat=package:com.android.todolist flg=0x4000011 (has extras) } to com.miui.audioeffect/com.android.musicfx.Compatibility$Receiver
11-10 23:44:41.506  2195  2304 W ActivityManager: Skipping broadcast of Intent { act=android.intent.action.MY_PACKAGE_REPLACED flg=0x4000010 pkg=com.android.todolist (has extras) }: user 10 and its parent (if any) are stopped
11-10 23:44:41.507  2195  2290 W BroadcastQueue: Background execution not allowed: receiving Intent { act=android.intent.action.PACKAGE_ADDED dat=package:com.android.todolist flg=0x4000011 (has extras) } to com.miui.global.packageinstaller/.AppInstalledReceiver
11-10 23:44:41.507  2195  2290 W BroadcastQueue: Background execution not allowed: receiving Intent { act=android.intent.action.PACKAGE_ADDED dat=package:com.android.todolist flg=0x4000011 (has extras) } to com.xiaomi.discover/com.xiaomi.market.data.MyPackageMonitor
11-10 23:44:41.780  2195  2720 I ActivityManager: Force stopping com.android.todolist appid=10194 user=0: from process:16197
11-10 23:44:41.784  2195  2720 I AutoStartManagerService: MIUILOG- Reject RestartService packageName :com.android.todolist uid : 10194
11-10 23:44:42.116  2195  2781 I ActivityManager: START u0 {act=android.intent.action.MAIN cat=[android.intent.category.LAUNCHER] flg=0x10000000 cmp=com.android.todolist/.MainActivity} from uid 2000
11-10 23:44:42.460  2195  2292 D Boost   : hostingType=activity, hostingName=com.android.todolist/.MainActivity, callerPackage=null, isSystem=true, isBoostNeeded=false.
11-10 23:44:42.482  2195  2292 I ActivityManager: Start proc 16241:com.android.todolist/u0a194 for activity com.android.todolist/.MainActivity caller=null
11-10 23:44:42.768  2195  2290 W XSpaceManagerService: update XSpace App: packageName:com.android.todolist, user:UserHandle{0}, action:android.intent.action.PACKAGE_ADDED
11-10 23:44:46.131 16241 16241 W Activity: Slow Operation: Activity com.android.todolist/.MainActivity onCreate took 1033ms
11-10 23:44:46.223 16241 16241 W Looper  : Slow Looper main: Activity com.android.todolist/.MainActivity is 1069ms late (wall=1425ms running=0ms ClientTransaction{ callbacks=[android.app.servertransaction.LaunchActivityItem] lifecycleRequest=android.app.servertransaction.ResumeActivityItem }) because of 1 msg, msg 1 took 1980ms (late=3ms h=android.app.ActivityThread$H w=110)
11-10 23:44:47.128  2195  2298 I Timeline: Timeline: Activity_windows_visible id: ActivityRecord{4e1b734 u0 com.android.todolist/.MainActivity t24916} time:507795578
11-10 23:45:01.937  2195  2304 D PackageManagerServiceInjector: FirstUseActivity packageName = com.android.todolist is compiled using filter speed-profile, success = true
11-10 23:45:58.535  2696  2696 I Timeline: Timeline: Activity_launch_request time:507866984 intent:Intent { act=android.intent.action.MAIN cat=[android.intent.category.LAUNCHER] flg=0x10200000 cmp=com.android.todolist/.MainActivity bnds=[80,1317][248,1485] (has extras) }
11-10 23:45:58.537  2195  3193 I ActivityManager: START u0 {act=android.intent.action.MAIN cat=[android.intent.category.LAUNCHER] flg=0x10200000 cmp=com.android.todolist/.MainActivity bnds=[80,1317][248,1485] (has extras)} from uid 10026
11-10 23:45:59.008  2195  2298 I Timeline: Timeline: Activity_windows_visible id: ActivityRecord{4e1b734 u0 com.android.todolist/.MainActivity t24916} time:507867457
11-10 23:47:18.326  2696  2696 I Timeline: Timeline: Activity_launch_request time:507946775 intent:Intent { act=android.intent.action.MAIN cat=[android.intent.category.LAUNCHER] flg=0x10200000 cmp=com.android.todolist/.MainActivity bnds=[79,1315][247,1483] (has extras) }
11-10 23:47:18.329  2195  2218 I ActivityManager: START u0 {act=android.intent.action.MAIN cat=[android.intent.category.LAUNCHER] flg=0x10200000 cmp=com.android.todolist/.MainActivity bnds=[79,1315][247,1483] (has extras)} from uid 10026
11-10 23:47:18.783  2195  2298 I Timeline: Timeline: Activity_windows_visible id: ActivityRecord{4e1b734 u0 com.android.todolist/.MainActivity t24916} time:507947233
11-10 23:47:26.929  2195  3365 D PerfShielderService: com.android.todolist|com.android.todolist/com.android.todolist.MainActivity|580|507953311500045|292|0|2
11-10 23:47:26.930  3370  3953 W MiuiPerfServiceClient: interceptAndQueuing:16241|com.android.todolist|580|292|unknown|null|com.android.todolist/com.android.todolist.MainActivity|507953311500045|Slow main thread|2
11-10 23:47:36.131  2195  3365 D PerfShielderService: com.android.todolist|com.android.todolist/com.android.todolist.MainActivity|363|507963114473583|167|3|8
11-10 23:47:36.132  3370  3953 W MiuiPerfServiceClient: interceptAndQueuing:16241|com.android.todolist|363|167|unknown|null|com.android.todolist/com.android.todolist.MainActivity|507963114473583|Slow handle traversal|8
11-10 23:49:13.335  2195  2781 D WindowManager: relayoutVisibleWindow: Window{b711a5 u0 com.android.todolist/com.android.todolist.MainActivity EXITING} mAnimatingExit=true, mRemoveOnExit=false, mDestroying=false
11-10 23:49:13.695  2195  2298 I Timeline: Timeline: Activity_windows_visible id: ActivityRecord{4e1b734 u0 com.android.todolist/.MainActivity t24916} time:508062145
11-10 23:51:09.261  2195  2334 I WindowManager: Screen frozen for +1s311ms due to Window{63e61cc u0 com.android.todolist/com.android.todolist.MainActivity}
11-10 23:51:09.305  2195  2298 I Timeline: Timeline: Activity_windows_visible id: ActivityRecord{4e1b734 u0 com.android.todolist/.MainActivity t24916} time:508177754
11-10 23:58:41.548  2195  2298 I Timeline: Timeline: Activity_windows_visible id: ActivityRecord{4e1b734 u0 com.android.todolist/.MainActivity t24916} time:508629997
11-10 23:58:41.563  2195  2334 I WindowManager: Screen frozen for +299ms due to Window{63e61cc u0 com.android.todolist/com.android.todolist.MainActivity}
11-10 23:58:42.782  2195  2298 I Timeline: Timeline: Activity_windows_visible id: ActivityRecord{4e1b734 u0 com.android.todolist/.MainActivity t24916} time:508631231
11-10 23:58:42.791  2195  2334 I WindowManager: Screen frozen for +879ms due to Window{970b0b1 u0 com.android.todolist/com.android.todolist.MainActivity}
11-11 00:06:12.752  2696  2696 I Timeline: Timeline: Activity_launch_request time:509081201 intent:Intent { act=android.intent.action.MAIN cat=[android.intent.category.LAUNCHER] flg=0x10200000 cmp=com.android.todolist/.MainActivity bnds=[82,1319][250,1487] (has extras) }
11-11 00:06:12.754  2195  4611 I ActivityManager: START u0 {act=android.intent.action.MAIN cat=[android.intent.category.LAUNCHER] flg=0x10200000 cmp=com.android.todolist/.MainActivity bnds=[82,1319][250,1487] (has extras)} from uid 10026
11-11 00:06:13.368  2195  2298 I Timeline: Timeline: Activity_windows_visible id: ActivityRecord{4e1b734 u0 com.android.todolist/.MainActivity t24916} time:509081818
11-11 00:10:30.394  2195  3754 D PerfShielderService: com.android.todolist|com.android.todolist/com.android.todolist.MainActivity|512|509337097327382|182|0|2
11-11 00:10:30.395  3370  5156 W MiuiPerfServiceClient: interceptAndQueuing:16241|com.android.todolist|512|182|unknown|null|com.android.todolist/com.android.todolist.MainActivity|509337097327382|Slow main thread|2
11-11 00:10:30.918  2195  2335 D PerfShielderService: com.android.todolist|com.android.todolist/com.android.todolist.MainActivity|162|509338848962485|92|3|2
11-11 00:10:30.919  3370  5156 W MiuiPerfServiceClient: interceptAndQueuing:16241|com.android.todolist|162|92|unknown|null|com.android.todolist/com.android.todolist.MainActivity|509338848962485|Slow handle traversal|2
11-11 00:12:25.272  2195  2781 I ProcessManager: GarbageClean: kill com.android.todolist Adj=900 State=17
11-11 00:12:25.276  2195  2781 I ActivityManager: Killing 16241:com.android.todolist/u0a194 (adj 900): GarbageClean
11-11 00:12:25.448  2195  2333 I WindowManager: WIN DEATH: Window{970b0b1 u0 com.android.todolist/com.android.todolist.MainActivity}
11-11 00:13:06.352  2696  2696 I Timeline: Timeline: Activity_launch_request time:509494801 intent:Intent { act=android.intent.action.MAIN cat=[android.intent.category.LAUNCHER] flg=0x10200000 cmp=com.android.todolist/.MainActivity bnds=[78,1314][246,1482] (has extras) }
11-11 00:13:06.354  2195  7071 I ActivityManager: START u0 {act=android.intent.action.MAIN cat=[android.intent.category.LAUNCHER] flg=0x10200000 cmp=com.android.todolist/.MainActivity bnds=[78,1314][246,1482] (has extras)} from uid 10026
11-11 00:13:06.547  2195  2292 D Boost   : hostingType=activity, hostingName=com.android.todolist/.MainActivity, callerPackage=com.miui.home, isSystem=true, isBoostNeeded=false.
11-11 00:13:06.552  2195  2292 I ActivityManager: Start proc 20859:com.android.todolist/u0a194 for activity com.android.todolist/.MainActivity caller=com.miui.home
11-11 00:13:08.253  2195  2298 I Timeline: Timeline: Activity_windows_visible id: ActivityRecord{14b505 u0 com.android.todolist/.MainActivity t24919} time:509496702
11-11 00:13:09.712 20859 20859 I Timeline: Timeline: Activity_launch_request time:509498161 intent:Intent { cmp=com.android.todolist/.ListActivity (has extras) }
11-11 00:13:09.714  2195  2685 I ActivityManager: START u0 {cmp=com.android.todolist/.ListActivity (has extras)} from uid 10194
11-11 00:13:10.562  2195  6694 D PerfShielderService: com.android.todolist|com.android.todolist/com.android.todolist.MainActivity|256|509498559132737|256|0|1
11-11 00:13:10.565  3370  5156 W MiuiPerfServiceClient: interceptAndQueuing:20859|com.android.todolist|256|256|unknown|null|com.android.todolist/com.android.todolist.MainActivity|509498559132737|Slow main thread|1
11-11 00:13:10.746  2195  2298 I Timeline: Timeline: Activity_windows_visible id: ActivityRecord{3a5a09d u0 com.android.todolist/.ListActivity t24919} time:509499195
11-11 00:13:11.763  2195  6694 W NotificationService: Toast already killed. pkg=com.android.todolist callback=android.app.ITransientNotification$Stub$Proxy@9bccd27
11-11 00:13:13.036 20859 20859 I Timeline: Timeline: Activity_launch_request time:509501485 intent:Intent { cmp=com.android.todolist/.MainActivity }
11-11 00:13:13.039  2195  6694 I ActivityManager: START u0 {cmp=com.android.todolist/.MainActivity} from uid 10194
11-11 00:13:14.045  2195  2298 I Timeline: Timeline: Activity_windows_visible id: ActivityRecord{663b17d u0 com.android.todolist/.MainActivity t24919} time:509502494
11-11 00:13:16.799  2195  7071 D PerfShielderService: com.android.todolist|com.android.todolist/com.android.todolist.MainActivity|449|509503652911068|133|3|3
11-11 00:13:16.802  3370  5156 W MiuiPerfServiceClient: interceptAndQueuing:20859|com.android.todolist|449|133|unknown|null|com.android.todolist/com.android.todolist.MainActivity|509503652911068|Slow handle traversal|3
11-11 00:13:17.371  2195  7071 D PerfShielderService: com.android.todolist|com.android.todolist/com.android.todolist.MainActivity|197|509505251981120|102|3|2
11-11 00:13:17.372  3370  5156 W MiuiPerfServiceClient: interceptAndQueuing:20859|com.android.todolist|197|102|unknown|null|com.android.todolist/com.android.todolist.MainActivity|509505251981120|Slow handle traversal|2
11-11 00:13:21.216  2195  7071 D PerfShielderService: com.android.todolist|com.android.todolist/com.android.todolist.MainActivity|204|509505259589088|193|3|2
11-11 00:13:21.217  3370  5156 W MiuiPerfServiceClient: interceptAndQueuing:20859|com.android.todolist|204|193|unknown|null|com.android.todolist/com.android.todolist.MainActivity|509505259589088|Slow handle traversal|2
11-11 00:13:22.942  2195  2781 W NotificationService: Toast already killed. pkg=com.android.todolist callback=android.app.ITransientNotification$Stub$Proxy@c4f4519
11-11 00:14:17.417  2195  6694 I ActivityManager: START u0 {act=android.settings.APPLICATION_DETAILS_SETTINGS dat=package:com.android.todolist flg=0x10008000 cmp=com.android.settings/.applications.InstalledAppDetails} from uid 10026
11-11 00:14:47.514  2696  2696 I Timeline: Timeline: Activity_launch_request time:509595963 intent:Intent { act=android.intent.action.MAIN cat=[android.intent.category.LAUNCHER] flg=0x10200000 cmp=com.android.todolist/.MainActivity bnds=[80,1316][248,1484] (has extras) }
11-11 00:14:47.515  2195  6694 I ActivityManager: START u0 {act=android.intent.action.MAIN cat=[android.intent.category.LAUNCHER] flg=0x10200000 cmp=com.android.todolist/.MainActivity bnds=[80,1316][248,1484] (has extras)} from uid 10026
11-11 00:14:48.022  2195  2298 I Timeline: Timeline: Activity_windows_visible id: ActivityRecord{663b17d u0 com.android.todolist/.MainActivity t24919} time:509596471
11-11 00:14:54.900  2195  2685 D PerfShielderService: com.android.todolist|com.android.todolist/com.android.todolist.MainActivity|171|509600305592854|89|3|2
11-11 00:14:54.901  3370  5156 W MiuiPerfServiceClient: interceptAndQueuing:20859|com.android.todolist|171|89|unknown|null|com.android.todolist/com.android.todolist.MainActivity|509600305592854|Slow handle traversal|2
11-11 00:14:56.728  2195  2685 W NotificationService: Toast already killed. pkg=com.android.todolist callback=android.app.ITransientNotification$Stub$Proxy@ac7970e
11-11 00:15:25.389  2696  2696 D Launcher_DragView: new DragView:ShortcutInfo, id=140, itemType=0, user=UserHandle{0}, mIconType=0, pkgName=com.android.todolist, className=com.android.todolist.MainActivity
11-11 00:15:25.396  2696  2696 D Launcher.CellLayout: updateCellOccupiedMarks, remove, ShortcutInfo, id=140, itemType=0, user=UserHandle{0}, mIconType=0, pkgName=com.android.todolist, className=com.android.todolist.MainActivity, screenId=3, container=-100, cellX=0, cellY=4, spanX=1, spanY=1, isLandscapePos=false
11-11 00:15:25.806  2696  2696 D Launcher.DragController: drop, from=ShortcutInfo, id=140, itemType=0, user=UserHandle{0}, mIconType=0, pkgName=com.android.todolist, className=com.android.todolist.MainActivity, screenId=3, container=-100, cellX=0, cellY=4, spanX=1, spanY=1, isLandscapePos=false
11-11 00:15:25.806  2696  2696 D Launcher.CellLayout: updateCellOccupiedMarks, update, ShortcutInfo, id=140, itemType=0, user=UserHandle{0}, mIconType=0, pkgName=com.android.todolist, className=com.android.todolist.MainActivity, screenId=3, container=-100, cellX=0, cellY=4, spanX=1, spanY=1, isLandscapePos=false
11-11 00:15:25.811  2696  2696 D Launcher.DragController: drop succeed, to ShortcutInfo, id=140, itemType=0, user=UserHandle{0}, mIconType=0, pkgName=com.android.todolist, className=com.android.todolist.MainActivity, screenId=3, container=-100, cellX=0, cellY=4, spanX=1, spanY=1, isLandscapePos=false
11-11 00:15:25.819  2696  2696 D Launcher.CellLayout: saveCurrentLayout, info=ShortcutInfo, id=140, itemType=0, user=UserHandle{0}, mIconType=0, pkgName=com.android.todolist, className=com.android.todolist.MainActivity, screenId=3, container=-100, cellX=0, cellY=4, spanX=1, spanY=1, isLandscapePos=false
11-11 00:15:25.820  2696  2696 D Launcher.ShortcutMenu: show shortcut menu when drop, pkgName=com.android.todolist
11-11 00:15:27.664  2696  2696 D Launcher.ShortcutMenu: click shortcut menu app details info, pkg=com.android.todolist
11-11 00:15:27.667  2195  3755 I ActivityManager: START u0 {act=android.settings.APPLICATION_DETAILS_SETTINGS dat=package:com.android.todolist flg=0x10008000 cmp=com.android.settings/.applications.InstalledAppDetails} from uid 10026
11-11 00:15:27.795  2696  2696 D Launcher.ShortcutMenu: hide ShortcutMenu, pkgName=com.android.todolist, reason=null
11-11 00:15:28.864 19277 14371 I NAProvider: queryWifiRule packageName:com.android.todolist
11-11 00:15:28.877 19277 19288 I NAProvider: queryMobileRule packageName:com.android.todolist
11-11 00:15:44.290  2195  2685 I ActivityManager: Force stopping com.android.todolist appid=10194 user=0: clear data
11-11 00:15:44.290  2195  2685 I AutoStartManagerService: MIUILOG- Reject RestartService packageName :com.android.todolist uid : 10194
11-11 00:15:44.292  2195  2685 I ActivityManager: Killing 20859:com.android.todolist/u0a194 (adj 700): stop com.android.todolist: clear data
11-11 00:15:44.300  2195  2685 I ActivityManager:   Force finishing activity ActivityRecord{14b505 u0 com.android.todolist/.MainActivity t24919}
11-11 00:15:44.313  2195  2685 I ActivityManager:   Force finishing activity ActivityRecord{663b17d u0 com.android.todolist/.MainActivity t24919}
11-11 00:15:44.369  2195  2290 I ActivityManager: Force stopping com.android.todolist appid=10194 user=-1: clearApplicationUserData
11-11 00:15:44.375  2195  2685 I ConditionProviders: Disallowing condition provider com.android.todolist
11-11 00:15:44.495  3694  4024 W PushService: [Tid:178] clear notifications of package com.android.todolist
11-11 00:15:44.536 13313 13313 I PackageInstallReceiver: action = android.intent.action.PACKAGE_DATA_CLEARED packageName = com.android.todolist
11-11 00:15:44.551 32066 32066 D AggregateListener: onPackageRestarted packageName:com.android.todolist
11-11 00:15:46.778 28392 21206 I BlockstoreStorage: Writing 0 bytes of block data for com.android.todolist [CONTEXT service_id=258 ]
11-11 00:15:46.861 28392 11345 I Icing   : doRemovePackageData com.android.todolist
11-11 00:15:47.313 21213 21213 I VSC-AppInstallReceiver: action: android.intent.action.PACKAGE_DATA_CLEARED, packageName: com.android.todolist
11-11 00:15:48.939  2696  2958 D Launcher: getLastLaunchApp, pkg=com.android.todolist
11-11 00:15:49.980  2696  2696 D Launcher.CellLayout: touch item:ShortcutInfo, id=140, itemType=0, user=UserHandle{0}, mIconType=0, pkgName=com.android.todolist, className=com.android.todolist.MainActivity, screenId=3, container=-100, cellX=0, cellY=4, spanX=1, spanY=1, isLandscapePos=false
11-11 00:15:50.062  2696  2696 I Timeline: Timeline: Activity_launch_request time:509658511 intent:Intent { act=android.intent.action.MAIN cat=[android.intent.category.LAUNCHER] flg=0x10200000 cmp=com.android.todolist/.MainActivity bnds=[81,1318][249,1486] (has extras) }
11-11 00:15:50.083  2195  2720 I ActivityManager: START u0 {act=android.intent.action.MAIN cat=[android.intent.category.LAUNCHER] flg=0x10200000 cmp=com.android.todolist/.MainActivity bnds=[81,1318][249,1486] (has extras)} from uid 10026
11-11 00:15:50.117  2195  2720 D ActivityTrigger: activityStartTrigger: Activity is Triggerred in full screen ApplicationInfo{1b09c81 com.android.todolist}
11-11 00:15:50.117  2195  2720 E ActivityTrigger: activityStartTrigger: not whiteListedcom.android.todolist/com.android.todolist.MainActivity/1
11-11 00:15:50.132  2195  2720 D ActivityTrigger: activityResumeTrigger: The activity in ApplicationInfo{1b09c81 com.android.todolist} is now in focus and seems to be in full-screen mode
11-11 00:15:50.132  2195  2720 E ActivityTrigger: activityResumeTrigger: not whiteListedcom.android.todolist/com.android.todolist.MainActivity/1
11-11 00:15:50.193  2195  4435 D ActivityTrigger: activityResumeTrigger: The activity in ApplicationInfo{1b09c81 com.android.todolist} is now in focus and seems to be in full-screen mode
11-11 00:15:50.193  2195  4435 E ActivityTrigger: activityResumeTrigger: not whiteListedcom.android.todolist/com.android.todolist.MainActivity/1
11-11 00:15:50.298  2195  2292 D Boost   : hostingType=activity, hostingName=com.android.todolist/.MainActivity, callerPackage=com.miui.home, isSystem=true, isBoostNeeded=false.
11-11 00:15:50.306  2195  2292 I ActivityManager: Start proc 21348:com.android.todolist/u0a194 for activity com.android.todolist/.MainActivity caller=com.miui.home
11-11 00:15:50.647  6549  6560 I GST     : forePkg: com.android.todolist, preForePkg: com.miui.home
11-11 00:15:50.648 19277 19288 I ProcessMonitor: onForegroundInfoChanged: ForegroundInfo{mForegroundPackageName='com.android.todolist', mForegroundUid=10194, mForegroundPid=21348, mLastForegroundPackageName='com.miui.home', mLastForegroundUid=10026, mLastForegroundPid=2696, mMultiWindowForegroundPackageName='null', mMultiWindowForegroundUid=-1, mFlags=1}
11-11 00:15:50.648 19277 19288 I GameBoosterService: onForegroundInfoChanged: Cur=com.android.todolist	 last=com.miui.home
11-11 00:15:50.658 19277 19288 D GameBoosterService: onGameStatusChange foreground:ForegroundInfo{mForegroundPackageName='com.android.todolist', mForegroundUid=10194, mForegroundPid=21348, mLastForegroundPackageName='com.miui.home', mLastForegroundUid=10026, mLastForegroundPid=2696, mMultiWindowForegroundPackageName='null', mMultiWindowForegroundUid=-1, mFlags=1}
11-11 00:15:50.926   747  2949 W SurfaceFlinger: Attempting to set client state on removed layer: Surface(name=AppWindowToken{f138972 token=Token{dba867d ActivityRecord{8505a27 u0 com.android.todolist/.MainActivity t24921}}})/@0x12c515 - animation-leash#0
11-11 00:15:50.926   747  2949 W SurfaceFlinger: Attempting to destroy on removed layer: Surface(name=AppWindowToken{f138972 token=Token{dba867d ActivityRecord{8505a27 u0 com.android.todolist/.MainActivity t24921}}})/@0x12c515 - animation-leash#0
11-11 00:15:52.593  2195  2298 I ActivityManager: Displayed com.android.todolist/.MainActivity: +2s385ms
11-11 00:15:52.597  2195  2298 I Timeline: Timeline: Activity_windows_visible id: ActivityRecord{8505a27 u0 com.android.todolist/.MainActivity t24921} time:509661046
11-11 00:15:52.758   747   806 W SurfaceFlinger: Attempting to set client state on removed layer: Splash Screen com.android.todolist#0
11-11 00:15:52.758   747   806 W SurfaceFlinger: Attempting to destroy on removed layer: Splash Screen com.android.todolist#0
11-11 00:15:57.052 19277 20331 I ProcessMonitor: onForegroundInfoChanged: ForegroundInfo{mForegroundPackageName='com.miui.home', mForegroundUid=10026, mForegroundPid=2696, mLastForegroundPackageName='com.android.todolist', mLastForegroundUid=10194, mLastForegroundPid=21348, mMultiWindowForegroundPackageName='null', mMultiWindowForegroundUid=-1, mFlags=0}
11-11 00:15:57.052  6549  6560 I GST     : forePkg: com.miui.home, preForePkg: com.android.todolist
11-11 00:15:57.052 19277 20331 I GameBoosterService: onForegroundInfoChanged: Cur=com.miui.home	 last=com.android.todolist
11-11 00:15:57.053 19277 20331 D GameBoosterService: onGameStatusChange foreground:ForegroundInfo{mForegroundPackageName='com.miui.home', mForegroundUid=10026, mForegroundPid=2696, mLastForegroundPackageName='com.android.todolist', mLastForegroundUid=10194, mLastForegroundPid=21348, mMultiWindowForegroundPackageName='null', mMultiWindowForegroundUid=-1, mFlags=0}
11-11 00:15:57.524   747   806 W SurfaceFlinger: Attempting to set client state on removed layer: Surface(name=thumbnail anim: AppWindowToken{f138972 token=Token{dba867d ActivityRecord{8505a27 u0 com.android.todolist/.MainActivity t24921}}})/@0x5f507b6 - animation-leash#0
11-11 00:15:57.524   747   806 W SurfaceFlinger: Attempting to destroy on removed layer: Surface(name=thumbnail anim: AppWindowToken{f138972 token=Token{dba867d ActivityRecord{8505a27 u0 com.android.todolist/.MainActivity t24921}}})/@0x5f507b6 - animation-leash#0
11-11 00:15:57.530   747  2949 W SurfaceFlinger: Attempting to set client state on removed layer: com.android.todolist/com.android.todolist.MainActivity#0
11-11 00:15:57.530   747  2949 W SurfaceFlinger: Attempting to destroy on removed layer: com.android.todolist/com.android.todolist.MainActivity#0
11-11 00:18:22.072 13313 21525 I ShortCutsItem: drop size = 10 result = [{"actionType":"native","actionUrl":"","category":"recentInstalled","originPos":-1,"packageName":"com.android.todolist","title":"","type":"app"},{"actionType":"native","actionUrl":"","category":"recentInstalled","originPos":-1,"packageName":"com.android.settings","title":"","type":"app"},{"actionType":"native","actionUrl":"","category":"recentInstalled","originPos":-1,"packageName":"com.mi.globalbrowser","title":"","type":"app"},{"actionType":"native","actionUrl":"","category":"recentInstalled","originPos":-1,"packageName":"com.google.android.youtube","title":"","type":"app"},{"actionType":"native","actionUrl":"","category":"recentInstalled","originPos":-1,"packageName":"org.telegram.messenger","title":"","type":"app"}]
11-11 00:18:33.301  2195  6338 I ProcessManager: GarbageClean: kill com.android.todolist Adj=900 State=17
11-11 00:18:33.311  2195  6338 I ActivityManager: Killing 21348:com.android.todolist/u0a194 (adj 900): GarbageClean
11-11 00:18:33.375  2195  4435 I WindowManager: WIN DEATH: Window{631bb3a u0 com.android.todolist/com.android.todolist.MainActivity}
11-11 00:18:33.400   747  2949 W SurfaceFlinger: Attempting to destroy on removed layer: AppWindowToken{f138972 token=Token{dba867d ActivityRecord{8505a27 u0 com.android.todolist/.MainActivity t24921}}}#0
11-11 00:18:53.087  2696  2696 D Launcher.CellLayout: touch item:ShortcutInfo, id=140, itemType=0, user=UserHandle{0}, mIconType=0, pkgName=com.android.todolist, className=com.android.todolist.MainActivity, screenId=3, container=-100, cellX=0, cellY=4, spanX=1, spanY=1, isLandscapePos=false
11-11 00:18:53.144  2696  2696 I Timeline: Timeline: Activity_launch_request time:509841593 intent:Intent { act=android.intent.action.MAIN cat=[android.intent.category.LAUNCHER] flg=0x10200000 cmp=com.android.todolist/.MainActivity bnds=[80,1317][248,1485] (has extras) }
11-11 00:18:53.146  2195  6017 I ActivityManager: START u0 {act=android.intent.action.MAIN cat=[android.intent.category.LAUNCHER] flg=0x10200000 cmp=com.android.todolist/.MainActivity bnds=[80,1317][248,1485] (has extras)} from uid 10026
11-11 00:18:53.172  2195  6017 D ActivityTrigger: activityStartTrigger: Activity is Triggerred in full screen ApplicationInfo{1b09c81 com.android.todolist}
11-11 00:18:53.172  2195  6017 E ActivityTrigger: activityStartTrigger: not whiteListedcom.android.todolist/com.android.todolist.MainActivity/1
11-11 00:18:53.176  2195  6017 D ActivityTrigger: activityResumeTrigger: The activity in ApplicationInfo{1b09c81 com.android.todolist} is now in focus and seems to be in full-screen mode
11-11 00:18:53.176  2195  6017 E ActivityTrigger: activityResumeTrigger: not whiteListedcom.android.todolist/com.android.todolist.MainActivity/1
11-11 00:18:53.221  2195  6017 D ActivityTrigger: activityResumeTrigger: The activity in ApplicationInfo{1b09c81 com.android.todolist} is now in focus and seems to be in full-screen mode
11-11 00:18:53.221  2195  6017 E ActivityTrigger: activityResumeTrigger: not whiteListedcom.android.todolist/com.android.todolist.MainActivity/1
11-11 00:18:53.312  2195  2292 D Boost   : hostingType=activity, hostingName=com.android.todolist/.MainActivity, callerPackage=com.miui.home, isSystem=true, isBoostNeeded=false.
11-11 00:18:53.315  2195  2292 I ActivityManager: Start proc 21777:com.android.todolist/u0a194 for activity com.android.todolist/.MainActivity caller=com.miui.home
11-11 00:18:53.501  6549  6560 I GST     : forePkg: com.android.todolist, preForePkg: com.miui.home
11-11 00:18:53.502 19277 21689 I ProcessMonitor: onForegroundInfoChanged: ForegroundInfo{mForegroundPackageName='com.android.todolist', mForegroundUid=10194, mForegroundPid=21777, mLastForegroundPackageName='com.miui.home', mLastForegroundUid=10026, mLastForegroundPid=2696, mMultiWindowForegroundPackageName='null', mMultiWindowForegroundUid=-1, mFlags=1}
11-11 00:18:53.502 19277 21689 I GameBoosterService: onForegroundInfoChanged: Cur=com.android.todolist	 last=com.miui.home
11-11 00:18:53.503 19277 21689 D GameBoosterService: onGameStatusChange foreground:ForegroundInfo{mForegroundPackageName='com.android.todolist', mForegroundUid=10194, mForegroundPid=21777, mLastForegroundPackageName='com.miui.home', mLastForegroundUid=10026, mLastForegroundPid=2696, mMultiWindowForegroundPackageName='null', mMultiWindowForegroundUid=-1, mFlags=1}
11-11 00:18:54.971  2195  2298 I ActivityManager: Displayed com.android.todolist/.MainActivity: +1s736ms
11-11 00:18:54.973  2195  2298 I Timeline: Timeline: Activity_windows_visible id: ActivityRecord{90589c6 u0 com.android.todolist/.MainActivity t24922} time:509843423
11-11 00:18:55.136   747   805 W SurfaceFlinger: Attempting to set client state on removed layer: Splash Screen com.android.todolist#0
11-11 00:18:55.137   747   805 W SurfaceFlinger: Attempting to destroy on removed layer: Splash Screen com.android.todolist#0
11-11 00:18:56.736   747   747 D SurfaceFlinger: duplicate layer name: changing com.android.todolist/com.android.todolist.MainActivity to com.android.todolist/com.android.todolist.MainActivity#1
11-11 00:18:57.882 29499 29499 I AndroidIME: AbstractIme.onActivate():86 LatinIme.onActivate() : EditorInfo = inputType=Text imeActionName=DONE dump=[inputType=0x61 imeOptions=0x6 privateImeOptions=null actionLabel=null actionId=0 initialSelStart=0 initialSelEnd=0 initialCapsMode=0x0 hintText=Name list label=null packageName=com.android.todolist fieldId=2131230896 fieldName=null extras=Bundle[{android.support.text.emoji.emojiCompat_metadataVersion=5, androidx.core.view.inputmethod.EditorInfoCompat.CONTENT_SELECTION_HEAD=0, androidx.core.view.inputmethod.EditorInfoCompat.CONTENT_SELECTION_END=0, android.support.text.emoji.emojiCompat_replaceAll=false, androidx.core.view.inputmethod.EditorInfoCompat.CONTENT_SURROUNDING_TEXT=}] hintLocales=null contentMimeTypes=null ], IncognitoMode = false, DeviceLocked = false
11-11 00:18:58.069  2195  7325 D PerfShielderService: com.android.todolist|com.android.todolist/com.android.todolist.MainActivity|602|509845396115261|136|0|15
11-11 00:18:58.071  3370  5156 W MiuiPerfServiceClient: interceptAndQueuing:21777|com.android.todolist|602|136|unknown|null|com.android.todolist/com.android.todolist.MainActivity|509845396115261|Slow main thread|15
11-11 00:18:58.824  2195  2333 D PerfShielderService: com.android.todolist|com.android.todolist/com.android.todolist.MainActivity|226|509846986922552|93|5|10
11-11 00:18:58.825  3370  5156 W MiuiPerfServiceClient: interceptAndQueuing:21777|com.android.todolist|226|93|unknown|null|com.android.todolist/com.android.todolist.MainActivity|509846986922552|Slow issue draw commands|10
11-11 00:19:02.892   747  2354 W SurfaceFlinger: Attempting to set client state on removed layer: com.android.todolist/com.android.todolist.MainActivity#1
11-11 00:19:02.892   747  2354 W SurfaceFlinger: Attempting to destroy on removed layer: com.android.todolist/com.android.todolist.MainActivity#1
11-11 00:19:04.525  2195  3754 D PerfShielderService: com.android.todolist|com.android.todolist/com.android.todolist.MainActivity|340|509851418700311|186|3|6
11-11 00:19:04.526  3370  5156 W MiuiPerfServiceClient: interceptAndQueuing:21777|com.android.todolist|340|186|unknown|null|com.android.todolist/com.android.todolist.MainActivity|509851418700311|Slow handle traversal|6
11-11 00:19:05.801 10279 10305 D PowerCheckerService: foreground, uid = 10194, app = com.android.todolist
